{"/Users/wangfanghua/projects/banner/lib/banner.js": {"path":"/Users/wangfanghua/projects/banner/lib/banner.js","statementMap":{"0":{"start":{"line":1,"column":0},"end":{"line":812,"column":14}},"1":{"start":{"line":1,"column":18},"end":{"line":1,"column":46}},"2":{"start":{"line":1,"column":34},"end":{"line":1,"column":46}},"3":{"start":{"line":3,"column":33},"end":{"line":3,"column":35}},"4":{"start":{"line":9,"column":11},"end":{"line":11,"column":12}},"5":{"start":{"line":10,"column":12},"end":{"line":10,"column":54}},"6":{"start":{"line":13,"column":24},"end":{"line":17,"column":12}},"7":{"start":{"line":20,"column":11},"end":{"line":20,"column":95}},"8":{"start":{"line":23,"column":11},"end":{"line":23,"column":27}},"9":{"start":{"line":26,"column":11},"end":{"line":26,"column":33}},"10":{"start":{"line":31,"column":10},"end":{"line":31,"column":42}},"11":{"start":{"line":34,"column":10},"end":{"line":34,"column":51}},"12":{"start":{"line":37,"column":10},"end":{"line":45,"column":12}},"13":{"start":{"line":38,"column":11},"end":{"line":44,"column":12}},"14":{"start":{"line":39,"column":12},"end":{"line":43,"column":15}},"15":{"start":{"line":48,"column":10},"end":{"line":54,"column":12}},"16":{"start":{"line":49,"column":24},"end":{"line":51,"column":58}},"17":{"start":{"line":50,"column":36},"end":{"line":50,"column":61}},"18":{"start":{"line":51,"column":42},"end":{"line":51,"column":56}},"19":{"start":{"line":52,"column":11},"end":{"line":52,"column":54}},"20":{"start":{"line":53,"column":11},"end":{"line":53,"column":25}},"21":{"start":{"line":57,"column":10},"end":{"line":57,"column":128}},"22":{"start":{"line":57,"column":63},"end":{"line":57,"column":125}},"23":{"start":{"line":60,"column":10},"end":{"line":60,"column":37}},"24":{"start":{"line":63,"column":10},"end":{"line":63,"column":64}},"25":{"start":{"line":72,"column":16},"end":{"line":81,"column":4}},"26":{"start":{"line":73,"column":24},"end":{"line":75,"column":82}},"27":{"start":{"line":74,"column":65},"end":{"line":74,"column":81}},"28":{"start":{"line":75,"column":26},"end":{"line":75,"column":80}},"29":{"start":{"line":75,"column":43},"end":{"line":75,"column":80}},"30":{"start":{"line":75,"column":68},"end":{"line":75,"column":80}},"31":{"start":{"line":76,"column":4},"end":{"line":80,"column":6}},"32":{"start":{"line":77,"column":8},"end":{"line":77,"column":28}},"33":{"start":{"line":78,"column":24},"end":{"line":78,"column":45}},"34":{"start":{"line":79,"column":8},"end":{"line":79,"column":93}},"35":{"start":{"line":82,"column":0},"end":{"line":82,"column":62}},"36":{"start":{"line":83,"column":12},"end":{"line":83,"column":34}},"37":{"start":{"line":84,"column":17},"end":{"line":84,"column":39}},"38":{"start":{"line":85,"column":0},"end":{"line":85,"column":23}},"39":{"start":{"line":87,"column":26},"end":{"line":87,"column":27}},"40":{"start":{"line":89,"column":20},"end":{"line":89,"column":21}},"41":{"start":{"line":90,"column":14},"end":{"line":165,"column":18}},"42":{"start":{"line":91,"column":4},"end":{"line":91,"column":30}},"43":{"start":{"line":93,"column":20},"end":{"line":93,"column":52}},"44":{"start":{"line":94,"column":8},"end":{"line":109,"column":10}},"45":{"start":{"line":95,"column":12},"end":{"line":108,"column":37}},"46":{"start":{"line":96,"column":35},"end":{"line":96,"column":59}},"47":{"start":{"line":97,"column":16},"end":{"line":107,"column":17}},"48":{"start":{"line":98,"column":20},"end":{"line":100,"column":23}},"49":{"start":{"line":103,"column":20},"end":{"line":103,"column":35}},"50":{"start":{"line":104,"column":20},"end":{"line":106,"column":23}},"51":{"start":{"line":110,"column":8},"end":{"line":125,"column":10}},"52":{"start":{"line":111,"column":23},"end":{"line":111,"column":27}},"53":{"start":{"line":112,"column":12},"end":{"line":115,"column":13}},"54":{"start":{"line":113,"column":16},"end":{"line":113,"column":43}},"55":{"start":{"line":114,"column":16},"end":{"line":114,"column":35}},"56":{"start":{"line":116,"column":12},"end":{"line":123,"column":13}},"57":{"start":{"line":117,"column":16},"end":{"line":117,"column":55}},"58":{"start":{"line":118,"column":16},"end":{"line":122,"column":17}},"59":{"start":{"line":119,"column":20},"end":{"line":121,"column":23}},"60":{"start":{"line":124,"column":12},"end":{"line":124,"column":44}},"61":{"start":{"line":126,"column":8},"end":{"line":128,"column":10}},"62":{"start":{"line":129,"column":8},"end":{"line":129,"column":21}},"63":{"start":{"line":131,"column":4},"end":{"line":133,"column":6}},"64":{"start":{"line":132,"column":8},"end":{"line":132,"column":38}},"65":{"start":{"line":134,"column":4},"end":{"line":138,"column":6}},"66":{"start":{"line":135,"column":8},"end":{"line":137,"column":9}},"67":{"start":{"line":136,"column":12},"end":{"line":136,"column":38}},"68":{"start":{"line":139,"column":4},"end":{"line":146,"column":6}},"69":{"start":{"line":140,"column":8},"end":{"line":140,"column":61}},"70":{"start":{"line":140,"column":40},"end":{"line":140,"column":59}},"71":{"start":{"line":141,"column":23},"end":{"line":141,"column":25}},"72":{"start":{"line":142,"column":8},"end":{"line":144,"column":9}},"73":{"start":{"line":143,"column":12},"end":{"line":143,"column":197}},"74":{"start":{"line":145,"column":8},"end":{"line":145,"column":24}},"75":{"start":{"line":147,"column":4},"end":{"line":153,"column":6}},"76":{"start":{"line":148,"column":22},"end":{"line":148,"column":24}},"77":{"start":{"line":149,"column":8},"end":{"line":151,"column":9}},"78":{"start":{"line":150,"column":12},"end":{"line":150,"column":171}},"79":{"start":{"line":152,"column":8},"end":{"line":152,"column":23}},"80":{"start":{"line":154,"column":4},"end":{"line":160,"column":6}},"81":{"start":{"line":155,"column":27},"end":{"line":155,"column":50}},"82":{"start":{"line":156,"column":28},"end":{"line":156,"column":52}},"83":{"start":{"line":157,"column":8},"end":{"line":159,"column":120}},"84":{"start":{"line":161,"column":4},"end":{"line":163,"column":6}},"85":{"start":{"line":164,"column":4},"end":{"line":164,"column":18}},"86":{"start":{"line":166,"column":0},"end":{"line":166,"column":24}},"87":{"start":{"line":173,"column":0},"end":{"line":173,"column":34}},"88":{"start":{"line":186,"column":0},"end":{"line":227,"column":5}},"89":{"start":{"line":189,"column":14},"end":{"line":189,"column":31}},"90":{"start":{"line":192,"column":16},"end":{"line":192,"column":18}},"91":{"start":{"line":194,"column":2},"end":{"line":211,"column":3}},"92":{"start":{"line":195,"column":13},"end":{"line":195,"column":25}},"93":{"start":{"line":196,"column":3},"end":{"line":196,"column":22}},"94":{"start":{"line":196,"column":13},"end":{"line":196,"column":22}},"95":{"start":{"line":198,"column":17},"end":{"line":198,"column":27}},"96":{"start":{"line":200,"column":3},"end":{"line":210,"column":4}},"97":{"start":{"line":201,"column":4},"end":{"line":201,"column":22}},"98":{"start":{"line":202,"column":10},"end":{"line":210,"column":4}},"99":{"start":{"line":203,"column":4},"end":{"line":203,"column":46}},"100":{"start":{"line":204,"column":10},"end":{"line":210,"column":4}},"101":{"start":{"line":205,"column":4},"end":{"line":209,"column":5}},"102":{"start":{"line":206,"column":5},"end":{"line":208,"column":6}},"103":{"start":{"line":207,"column":6},"end":{"line":207,"column":24}},"104":{"start":{"line":213,"column":2},"end":{"line":213,"column":27}},"105":{"start":{"line":216,"column":1},"end":{"line":226,"column":2}},"106":{"start":{"line":217,"column":2},"end":{"line":217,"column":30}},"107":{"start":{"line":218,"column":8},"end":{"line":226,"column":2}},"108":{"start":{"line":220,"column":2},"end":{"line":223,"column":101}},"109":{"start":{"line":221,"column":3},"end":{"line":221,"column":21}},"110":{"start":{"line":225,"column":2},"end":{"line":225,"column":33}},"111":{"start":{"line":237,"column":14},"end":{"line":237,"column":36}},"112":{"start":{"line":238,"column":0},"end":{"line":238,"column":68}},"113":{"start":{"line":238,"column":32},"end":{"line":238,"column":68}},"114":{"start":{"line":242,"column":14},"end":{"line":242,"column":16}},"115":{"start":{"line":243,"column":0},"end":{"line":243,"column":29}},"116":{"start":{"line":245,"column":13},"end":{"line":245,"column":53}},"117":{"start":{"line":246,"column":0},"end":{"line":246,"column":51}},"118":{"start":{"line":246,"column":19},"end":{"line":246,"column":51}},"119":{"start":{"line":248,"column":0},"end":{"line":259,"column":1}},"120":{"start":{"line":250,"column":1},"end":{"line":256,"column":2}},"121":{"start":{"line":251,"column":2},"end":{"line":255,"column":5}},"122":{"start":{"line":252,"column":20},"end":{"line":252,"column":122}},"123":{"start":{"line":253,"column":3},"end":{"line":253,"column":81}},"124":{"start":{"line":253,"column":38},"end":{"line":253,"column":81}},"125":{"start":{"line":254,"column":3},"end":{"line":254,"column":22}},"126":{"start":{"line":258,"column":1},"end":{"line":258,"column":46}},"127":{"start":{"line":258,"column":33},"end":{"line":258,"column":42}},"128":{"start":{"line":265,"column":0},"end":{"line":265,"column":61}},"129":{"start":{"line":270,"column":0},"end":{"line":270,"column":671}},"130":{"start":{"line":284,"column":0},"end":{"line":326,"column":2}},"131":{"start":{"line":285,"column":12},"end":{"line":285,"column":14}},"132":{"start":{"line":288,"column":1},"end":{"line":297,"column":3}},"133":{"start":{"line":289,"column":2},"end":{"line":296,"column":14}},"134":{"start":{"line":290,"column":17},"end":{"line":290,"column":59}},"135":{"start":{"line":291,"column":3},"end":{"line":295,"column":4}},"136":{"start":{"line":292,"column":4},"end":{"line":292,"column":53}},"137":{"start":{"line":294,"column":4},"end":{"line":294,"column":19}},"138":{"start":{"line":300,"column":1},"end":{"line":324,"column":3}},"139":{"start":{"line":301,"column":2},"end":{"line":302,"column":35}},"140":{"start":{"line":302,"column":3},"end":{"line":302,"column":35}},"141":{"start":{"line":303,"column":31},"end":{"line":303,"column":33}},"142":{"start":{"line":304,"column":2},"end":{"line":308,"column":3}},"143":{"start":{"line":305,"column":12},"end":{"line":305,"column":22}},"144":{"start":{"line":306,"column":3},"end":{"line":307,"column":38}},"145":{"start":{"line":307,"column":4},"end":{"line":307,"column":38}},"146":{"start":{"line":309,"column":2},"end":{"line":323,"column":3}},"147":{"start":{"line":310,"column":14},"end":{"line":310,"column":24}},"148":{"start":{"line":315,"column":3},"end":{"line":322,"column":4}},"149":{"start":{"line":316,"column":4},"end":{"line":320,"column":5}},"150":{"start":{"line":317,"column":5},"end":{"line":317,"column":26}},"151":{"start":{"line":318,"column":11},"end":{"line":320,"column":5}},"152":{"start":{"line":319,"column":5},"end":{"line":319,"column":60}},"153":{"start":{"line":321,"column":4},"end":{"line":321,"column":20}},"154":{"start":{"line":325,"column":1},"end":{"line":325,"column":13}},"155":{"start":{"line":329,"column":15},"end":{"line":329,"column":28}},"156":{"start":{"line":330,"column":18},"end":{"line":330,"column":25}},"157":{"start":{"line":331,"column":1},"end":{"line":333,"column":2}},"158":{"start":{"line":332,"column":2},"end":{"line":332,"column":17}},"159":{"start":{"line":335,"column":1},"end":{"line":342,"column":2}},"160":{"start":{"line":336,"column":22},"end":{"line":336,"column":43}},"161":{"start":{"line":337,"column":19},"end":{"line":339,"column":4}},"162":{"start":{"line":338,"column":3},"end":{"line":338,"column":67}},"163":{"start":{"line":341,"column":2},"end":{"line":341,"column":73}},"164":{"start":{"line":344,"column":1},"end":{"line":344,"column":29}},"165":{"start":{"line":350,"column":14},"end":{"line":350,"column":75}},"166":{"start":{"line":351,"column":12},"end":{"line":351,"column":83}},"167":{"start":{"line":353,"column":1},"end":{"line":353,"column":30}},"168":{"start":{"line":366,"column":18},"end":{"line":366,"column":20}},"169":{"start":{"line":368,"column":14},"end":{"line":375,"column":1}},"170":{"start":{"line":371,"column":1},"end":{"line":374,"column":3}},"171":{"start":{"line":372,"column":2},"end":{"line":372,"column":68}},"172":{"start":{"line":372,"column":35},"end":{"line":372,"column":68}},"173":{"start":{"line":373,"column":2},"end":{"line":373,"column":14}},"174":{"start":{"line":377,"column":14},"end":{"line":384,"column":2}},"175":{"start":{"line":383,"column":1},"end":{"line":383,"column":59}},"176":{"start":{"line":386,"column":17},"end":{"line":398,"column":2}},"177":{"start":{"line":387,"column":12},"end":{"line":387,"column":14}},"178":{"start":{"line":389,"column":1},"end":{"line":395,"column":3}},"179":{"start":{"line":390,"column":2},"end":{"line":392,"column":3}},"180":{"start":{"line":391,"column":3},"end":{"line":391,"column":44}},"181":{"start":{"line":394,"column":2},"end":{"line":394,"column":23}},"182":{"start":{"line":397,"column":1},"end":{"line":397,"column":38}},"183":{"start":{"line":400,"column":16},"end":{"line":400,"column":20}},"184":{"start":{"line":401,"column":23},"end":{"line":401,"column":24}},"185":{"start":{"line":402,"column":26},"end":{"line":402,"column":28}},"186":{"start":{"line":404,"column":14},"end":{"line":404,"column":36}},"187":{"start":{"line":406,"column":0},"end":{"line":455,"column":2}},"188":{"start":{"line":407,"column":1},"end":{"line":409,"column":2}},"189":{"start":{"line":408,"column":2},"end":{"line":408,"column":116}},"190":{"start":{"line":408,"column":36},"end":{"line":408,"column":116}},"191":{"start":{"line":411,"column":1},"end":{"line":411,"column":25}},"192":{"start":{"line":413,"column":1},"end":{"line":413,"column":72}},"193":{"start":{"line":417,"column":1},"end":{"line":417,"column":55}},"194":{"start":{"line":417,"column":25},"end":{"line":417,"column":55}},"195":{"start":{"line":420,"column":1},"end":{"line":420,"column":54}},"196":{"start":{"line":420,"column":26},"end":{"line":420,"column":54}},"197":{"start":{"line":423,"column":1},"end":{"line":423,"column":52}},"198":{"start":{"line":423,"column":24},"end":{"line":423,"column":52}},"199":{"start":{"line":425,"column":14},"end":{"line":425,"column":41}},"200":{"start":{"line":427,"column":1},"end":{"line":427,"column":33}},"201":{"start":{"line":429,"column":1},"end":{"line":454,"column":3}},"202":{"start":{"line":430,"column":18},"end":{"line":430,"column":20}},"203":{"start":{"line":432,"column":2},"end":{"line":438,"column":3}},"204":{"start":{"line":433,"column":14},"end":{"line":433,"column":23}},"205":{"start":{"line":434,"column":18},"end":{"line":434,"column":38}},"206":{"start":{"line":436,"column":3},"end":{"line":436,"column":19}},"207":{"start":{"line":437,"column":3},"end":{"line":437,"column":28}},"208":{"start":{"line":440,"column":2},"end":{"line":443,"column":3}},"209":{"start":{"line":441,"column":19},"end":{"line":441,"column":49}},"210":{"start":{"line":442,"column":3},"end":{"line":442,"column":38}},"211":{"start":{"line":445,"column":2},"end":{"line":453,"column":3}},"212":{"start":{"line":446,"column":18},"end":{"line":446,"column":30}},"213":{"start":{"line":448,"column":3},"end":{"line":452,"column":4}},"214":{"start":{"line":449,"column":4},"end":{"line":449,"column":72}},"215":{"start":{"line":449,"column":52},"end":{"line":449,"column":72}},"216":{"start":{"line":451,"column":4},"end":{"line":451,"column":36}},"217":{"start":{"line":458,"column":1},"end":{"line":481,"column":2}},"218":{"start":{"line":459,"column":13},"end":{"line":459,"column":22}},"219":{"start":{"line":460,"column":17},"end":{"line":460,"column":37}},"220":{"start":{"line":462,"column":2},"end":{"line":480,"column":3}},"221":{"start":{"line":463,"column":3},"end":{"line":463,"column":19}},"222":{"start":{"line":465,"column":3},"end":{"line":467,"column":4}},"223":{"start":{"line":466,"column":4},"end":{"line":466,"column":37}},"224":{"start":{"line":469,"column":3},"end":{"line":471,"column":4}},"225":{"start":{"line":470,"column":4},"end":{"line":470,"column":58}},"226":{"start":{"line":473,"column":15},"end":{"line":473,"column":17}},"227":{"start":{"line":475,"column":3},"end":{"line":477,"column":4}},"228":{"start":{"line":476,"column":4},"end":{"line":476,"column":49}},"229":{"start":{"line":479,"column":3},"end":{"line":479,"column":63}},"230":{"start":{"line":485,"column":14},"end":{"line":485,"column":16}},"231":{"start":{"line":486,"column":17},"end":{"line":486,"column":19}},"232":{"start":{"line":488,"column":1},"end":{"line":498,"column":2}},"233":{"start":{"line":489,"column":13},"end":{"line":489,"column":20}},"234":{"start":{"line":490,"column":11},"end":{"line":490,"column":58}},"235":{"start":{"line":491,"column":12},"end":{"line":491,"column":19}},"236":{"start":{"line":492,"column":14},"end":{"line":492,"column":21}},"237":{"start":{"line":493,"column":18},"end":{"line":493,"column":25}},"238":{"start":{"line":494,"column":13},"end":{"line":494,"column":59}},"239":{"start":{"line":496,"column":2},"end":{"line":497,"column":38}},"240":{"start":{"line":496,"column":21},"end":{"line":496,"column":74}},"241":{"start":{"line":497,"column":7},"end":{"line":497,"column":38}},"242":{"start":{"line":500,"column":1},"end":{"line":500,"column":15}},"243":{"start":{"line":504,"column":14},"end":{"line":504,"column":44}},"244":{"start":{"line":506,"column":1},"end":{"line":508,"column":2}},"245":{"start":{"line":507,"column":2},"end":{"line":507,"column":129}},"246":{"start":{"line":510,"column":37},"end":{"line":510,"column":88}},"247":{"start":{"line":512,"column":1},"end":{"line":525,"column":2}},"248":{"start":{"line":513,"column":2},"end":{"line":519,"column":3}},"249":{"start":{"line":514,"column":3},"end":{"line":514,"column":49}},"250":{"start":{"line":515,"column":9},"end":{"line":519,"column":3}},"251":{"start":{"line":516,"column":3},"end":{"line":516,"column":73}},"252":{"start":{"line":518,"column":3},"end":{"line":518,"column":29}},"253":{"start":{"line":520,"column":2},"end":{"line":520,"column":34}},"254":{"start":{"line":521,"column":8},"end":{"line":525,"column":2}},"255":{"start":{"line":522,"column":2},"end":{"line":522,"column":28}},"256":{"start":{"line":524,"column":2},"end":{"line":524,"column":88}},"257":{"start":{"line":529,"column":1},"end":{"line":529,"column":45}},"258":{"start":{"line":529,"column":32},"end":{"line":529,"column":45}},"259":{"start":{"line":530,"column":1},"end":{"line":530,"column":37}},"260":{"start":{"line":532,"column":11},"end":{"line":532,"column":45}},"261":{"start":{"line":533,"column":1},"end":{"line":535,"column":2}},"262":{"start":{"line":534,"column":2},"end":{"line":534,"column":37}},"263":{"start":{"line":539,"column":13},"end":{"line":539,"column":44}},"264":{"start":{"line":541,"column":1},"end":{"line":541,"column":33}},"265":{"start":{"line":543,"column":1},"end":{"line":543,"column":32}},"266":{"start":{"line":544,"column":1},"end":{"line":544,"column":36}},"267":{"start":{"line":546,"column":1},"end":{"line":546,"column":14}},"268":{"start":{"line":550,"column":12},"end":{"line":550,"column":42}},"269":{"start":{"line":552,"column":1},"end":{"line":552,"column":33}},"270":{"start":{"line":553,"column":1},"end":{"line":553,"column":34}},"271":{"start":{"line":555,"column":1},"end":{"line":555,"column":31}},"272":{"start":{"line":556,"column":1},"end":{"line":556,"column":35}},"273":{"start":{"line":558,"column":1},"end":{"line":558,"column":13}},"274":{"start":{"line":562,"column":1},"end":{"line":564,"column":4}},"275":{"start":{"line":563,"column":2},"end":{"line":563,"column":35}},"276":{"start":{"line":571,"column":1},"end":{"line":585,"column":2}},"277":{"start":{"line":572,"column":5},"end":{"line":572,"column":41}},"278":{"start":{"line":574,"column":5},"end":{"line":584,"column":6}},"279":{"start":{"line":577,"column":6},"end":{"line":577,"column":23}},"280":{"start":{"line":581,"column":6},"end":{"line":583,"column":8}},"281":{"start":{"line":587,"column":1},"end":{"line":616,"column":2}},"282":{"start":{"line":588,"column":19},"end":{"line":588,"column":37}},"283":{"start":{"line":590,"column":2},"end":{"line":590,"column":65}},"284":{"start":{"line":592,"column":2},"end":{"line":592,"column":68}},"285":{"start":{"line":593,"column":2},"end":{"line":593,"column":67}},"286":{"start":{"line":595,"column":8},"end":{"line":616,"column":2}},"287":{"start":{"line":603,"column":2},"end":{"line":603,"column":37}},"288":{"start":{"line":604,"column":2},"end":{"line":604,"column":49}},"289":{"start":{"line":605,"column":2},"end":{"line":609,"column":4}},"290":{"start":{"line":606,"column":3},"end":{"line":606,"column":29}},"291":{"start":{"line":608,"column":3},"end":{"line":608,"column":50}},"292":{"start":{"line":608,"column":18},"end":{"line":608,"column":50}},"293":{"start":{"line":611,"column":2},"end":{"line":611,"column":38}},"294":{"start":{"line":612,"column":2},"end":{"line":612,"column":40}},"295":{"start":{"line":613,"column":2},"end":{"line":615,"column":4}},"296":{"start":{"line":614,"column":3},"end":{"line":614,"column":29}},"297":{"start":{"line":618,"column":1},"end":{"line":618,"column":13}},"298":{"start":{"line":620,"column":1},"end":{"line":634,"column":3}},"299":{"start":{"line":621,"column":2},"end":{"line":633,"column":3}},"300":{"start":{"line":622,"column":3},"end":{"line":628,"column":4}},"301":{"start":{"line":627,"column":4},"end":{"line":627,"column":11}},"302":{"start":{"line":630,"column":3},"end":{"line":630,"column":24}},"303":{"start":{"line":632,"column":3},"end":{"line":632,"column":12}},"304":{"start":{"line":637,"column":18},"end":{"line":645,"column":4}},"305":{"start":{"line":638,"column":17},"end":{"line":638,"column":19}},"306":{"start":{"line":640,"column":1},"end":{"line":644,"column":3}},"307":{"start":{"line":641,"column":2},"end":{"line":641,"column":33}},"308":{"start":{"line":643,"column":2},"end":{"line":643,"column":46}},"309":{"start":{"line":648,"column":11},"end":{"line":648,"column":32}},"310":{"start":{"line":650,"column":1},"end":{"line":663,"column":2}},"311":{"start":{"line":651,"column":2},"end":{"line":651,"column":53}},"312":{"start":{"line":653,"column":16},"end":{"line":653,"column":44}},"313":{"start":{"line":654,"column":19},"end":{"line":654,"column":35}},"314":{"start":{"line":656,"column":2},"end":{"line":656,"column":62}},"315":{"start":{"line":656,"column":25},"end":{"line":656,"column":62}},"316":{"start":{"line":658,"column":2},"end":{"line":662,"column":3}},"317":{"start":{"line":659,"column":3},"end":{"line":659,"column":50}},"318":{"start":{"line":661,"column":3},"end":{"line":661,"column":30}},"319":{"start":{"line":667,"column":11},"end":{"line":667,"column":18}},"320":{"start":{"line":668,"column":13},"end":{"line":668,"column":22}},"321":{"start":{"line":670,"column":1},"end":{"line":672,"column":2}},"322":{"start":{"line":671,"column":2},"end":{"line":671,"column":36}},"323":{"start":{"line":674,"column":1},"end":{"line":682,"column":2}},"324":{"start":{"line":675,"column":2},"end":{"line":675,"column":33}},"325":{"start":{"line":677,"column":2},"end":{"line":679,"column":3}},"326":{"start":{"line":678,"column":3},"end":{"line":678,"column":39}},"327":{"start":{"line":681,"column":2},"end":{"line":681,"column":50}},"328":{"start":{"line":686,"column":11},"end":{"line":686,"column":18}},"329":{"start":{"line":687,"column":17},"end":{"line":687,"column":30}},"330":{"start":{"line":695,"column":19},"end":{"line":695,"column":75}},"331":{"start":{"line":697,"column":1},"end":{"line":699,"column":2}},"332":{"start":{"line":698,"column":2},"end":{"line":698,"column":21}},"333":{"start":{"line":701,"column":1},"end":{"line":704,"column":2}},"334":{"start":{"line":703,"column":2},"end":{"line":703,"column":136}},"335":{"start":{"line":706,"column":12},"end":{"line":706,"column":49}},"336":{"start":{"line":708,"column":14},"end":{"line":708,"column":23}},"337":{"start":{"line":710,"column":1},"end":{"line":710,"column":39}},"338":{"start":{"line":712,"column":1},"end":{"line":712,"column":40}},"339":{"start":{"line":712,"column":12},"end":{"line":712,"column":40}},"340":{"start":{"line":734,"column":0},"end":{"line":808,"column":2}},"341":{"start":{"line":736,"column":17},"end":{"line":736,"column":65}},"342":{"start":{"line":738,"column":2},"end":{"line":740,"column":3}},"343":{"start":{"line":739,"column":4},"end":{"line":739,"column":56}},"344":{"start":{"line":743,"column":1},"end":{"line":745,"column":3}},"345":{"start":{"line":744,"column":3},"end":{"line":744,"column":14}},"346":{"start":{"line":747,"column":16},"end":{"line":747,"column":56}},"347":{"start":{"line":748,"column":19},"end":{"line":748,"column":72}},"348":{"start":{"line":776,"column":16},"end":{"line":804,"column":3}},"349":{"start":{"line":778,"column":24},"end":{"line":781,"column":54}},"350":{"start":{"line":780,"column":41},"end":{"line":780,"column":51}},"351":{"start":{"line":781,"column":41},"end":{"line":781,"column":51}},"352":{"start":{"line":784,"column":2},"end":{"line":786,"column":3}},"353":{"start":{"line":785,"column":4},"end":{"line":785,"column":21}},"354":{"start":{"line":791,"column":2},"end":{"line":800,"column":3}},"355":{"start":{"line":793,"column":3},"end":{"line":793,"column":28}},"356":{"start":{"line":794,"column":9},"end":{"line":800,"column":3}},"357":{"start":{"line":796,"column":3},"end":{"line":796,"column":38}},"358":{"start":{"line":799,"column":3},"end":{"line":799,"column":62}},"359":{"start":{"line":803,"column":2},"end":{"line":803,"column":47}},"360":{"start":{"line":807,"column":1},"end":{"line":807,"column":17}}},"fnMap":{"0":{"name":"(anonymous_0)","decl":{"start":{"line":1,"column":1},"end":{"line":1,"column":2}},"loc":{"start":{"line":1,"column":16},"end":{"line":1,"column":48}},"line":1},"1":{"name":"(anonymous_1)","decl":{"start":{"line":1,"column":68},"end":{"line":1,"column":69}},"loc":{"start":{"line":1,"column":86},"end":{"line":64,"column":10}},"line":1},"2":{"name":"__webpack_require__","decl":{"start":{"line":6,"column":19},"end":{"line":6,"column":38}},"loc":{"start":{"line":6,"column":49},"end":{"line":27,"column":11}},"line":6},"3":{"name":"(anonymous_3)","decl":{"start":{"line":37,"column":34},"end":{"line":37,"column":35}},"loc":{"start":{"line":37,"column":66},"end":{"line":45,"column":11}},"line":37},"4":{"name":"(anonymous_4)","decl":{"start":{"line":48,"column":34},"end":{"line":48,"column":35}},"loc":{"start":{"line":48,"column":51},"end":{"line":54,"column":11}},"line":48},"5":{"name":"getDefault","decl":{"start":{"line":50,"column":21},"end":{"line":50,"column":31}},"loc":{"start":{"line":50,"column":34},"end":{"line":50,"column":63}},"line":50},"6":{"name":"getModuleExports","decl":{"start":{"line":51,"column":21},"end":{"line":51,"column":37}},"loc":{"start":{"line":51,"column":40},"end":{"line":51,"column":58}},"line":51},"7":{"name":"(anonymous_7)","decl":{"start":{"line":57,"column":34},"end":{"line":57,"column":35}},"loc":{"start":{"line":57,"column":61},"end":{"line":57,"column":127}},"line":57},"8":{"name":"(anonymous_8)","decl":{"start":{"line":68,"column":7},"end":{"line":68,"column":8}},"loc":{"start":{"line":68,"column":54},"end":{"line":169,"column":7}},"line":68},"9":{"name":"(anonymous_9)","decl":{"start":{"line":72,"column":45},"end":{"line":72,"column":46}},"loc":{"start":{"line":72,"column":57},"end":{"line":81,"column":1}},"line":72},"10":{"name":"(anonymous_10)","decl":{"start":{"line":74,"column":47},"end":{"line":74,"column":48}},"loc":{"start":{"line":74,"column":63},"end":{"line":74,"column":83}},"line":74},"11":{"name":"(anonymous_11)","decl":{"start":{"line":75,"column":8},"end":{"line":75,"column":9}},"loc":{"start":{"line":75,"column":24},"end":{"line":75,"column":82}},"line":75},"12":{"name":"(anonymous_12)","decl":{"start":{"line":76,"column":11},"end":{"line":76,"column":12}},"loc":{"start":{"line":76,"column":27},"end":{"line":80,"column":5}},"line":76},"13":{"name":"__","decl":{"start":{"line":78,"column":17},"end":{"line":78,"column":19}},"loc":{"start":{"line":78,"column":22},"end":{"line":78,"column":47}},"line":78},"14":{"name":"(anonymous_14)","decl":{"start":{"line":90,"column":14},"end":{"line":90,"column":15}},"loc":{"start":{"line":90,"column":32},"end":{"line":165,"column":1}},"line":90},"15":{"name":"Banner","decl":{"start":{"line":92,"column":13},"end":{"line":92,"column":19}},"loc":{"start":{"line":92,"column":27},"end":{"line":130,"column":5}},"line":92},"16":{"name":"(anonymous_16)","decl":{"start":{"line":94,"column":26},"end":{"line":94,"column":27}},"loc":{"start":{"line":94,"column":38},"end":{"line":109,"column":9}},"line":94},"17":{"name":"(anonymous_17)","decl":{"start":{"line":95,"column":31},"end":{"line":95,"column":32}},"loc":{"start":{"line":95,"column":43},"end":{"line":108,"column":13}},"line":95},"18":{"name":"(anonymous_18)","decl":{"start":{"line":110,"column":23},"end":{"line":110,"column":24}},"loc":{"start":{"line":110,"column":40},"end":{"line":125,"column":9}},"line":110},"19":{"name":"(anonymous_19)","decl":{"start":{"line":131,"column":41},"end":{"line":131,"column":42}},"loc":{"start":{"line":131,"column":53},"end":{"line":133,"column":5}},"line":131},"20":{"name":"(anonymous_20)","decl":{"start":{"line":134,"column":44},"end":{"line":134,"column":45}},"loc":{"start":{"line":134,"column":56},"end":{"line":138,"column":5}},"line":134},"21":{"name":"(anonymous_21)","decl":{"start":{"line":139,"column":35},"end":{"line":139,"column":36}},"loc":{"start":{"line":139,"column":74},"end":{"line":146,"column":5}},"line":139},"22":{"name":"(anonymous_22)","decl":{"start":{"line":147,"column":35},"end":{"line":147,"column":36}},"loc":{"start":{"line":147,"column":59},"end":{"line":153,"column":5}},"line":147},"23":{"name":"(anonymous_23)","decl":{"start":{"line":154,"column":30},"end":{"line":154,"column":31}},"loc":{"start":{"line":154,"column":42},"end":{"line":160,"column":5}},"line":154},"24":{"name":"(anonymous_24)","decl":{"start":{"line":171,"column":7},"end":{"line":171,"column":8}},"loc":{"start":{"line":171,"column":33},"end":{"line":175,"column":7}},"line":171},"25":{"name":"(anonymous_25)","decl":{"start":{"line":177,"column":7},"end":{"line":177,"column":8}},"loc":{"start":{"line":177,"column":54},"end":{"line":230,"column":7}},"line":177},"26":{"name":"(anonymous_26)","decl":{"start":{"line":186,"column":1},"end":{"line":186,"column":2}},"loc":{"start":{"line":186,"column":13},"end":{"line":227,"column":1}},"line":186},"27":{"name":"classNames","decl":{"start":{"line":191,"column":10},"end":{"line":191,"column":20}},"loc":{"start":{"line":191,"column":24},"end":{"line":214,"column":2}},"line":191},"28":{"name":"(anonymous_28)","decl":{"start":{"line":220,"column":71},"end":{"line":220,"column":72}},"loc":{"start":{"line":220,"column":83},"end":{"line":222,"column":3}},"line":220},"29":{"name":"(anonymous_29)","decl":{"start":{"line":232,"column":7},"end":{"line":232,"column":8}},"loc":{"start":{"line":232,"column":54},"end":{"line":261,"column":7}},"line":232},"30":{"name":"(anonymous_30)","decl":{"start":{"line":251,"column":115},"end":{"line":251,"column":116}},"loc":{"start":{"line":251,"column":126},"end":{"line":255,"column":3}},"line":251},"31":{"name":"(anonymous_31)","decl":{"start":{"line":258,"column":20},"end":{"line":258,"column":21}},"loc":{"start":{"line":258,"column":31},"end":{"line":258,"column":44}},"line":258},"32":{"name":"(anonymous_32)","decl":{"start":{"line":263,"column":7},"end":{"line":263,"column":8}},"loc":{"start":{"line":263,"column":54},"end":{"line":275,"column":7}},"line":263},"33":{"name":"(anonymous_33)","decl":{"start":{"line":277,"column":7},"end":{"line":277,"column":8}},"loc":{"start":{"line":277,"column":33},"end":{"line":357,"column":7}},"line":277},"34":{"name":"(anonymous_34)","decl":{"start":{"line":284,"column":17},"end":{"line":284,"column":18}},"loc":{"start":{"line":284,"column":40},"end":{"line":326,"column":1}},"line":284},"35":{"name":"toString","decl":{"start":{"line":288,"column":26},"end":{"line":288,"column":34}},"loc":{"start":{"line":288,"column":37},"end":{"line":297,"column":2}},"line":288},"36":{"name":"(anonymous_36)","decl":{"start":{"line":289,"column":18},"end":{"line":289,"column":19}},"loc":{"start":{"line":289,"column":34},"end":{"line":296,"column":3}},"line":289},"37":{"name":"(anonymous_37)","decl":{"start":{"line":300,"column":10},"end":{"line":300,"column":11}},"loc":{"start":{"line":300,"column":40},"end":{"line":324,"column":2}},"line":300},"38":{"name":"cssWithMappingToString","decl":{"start":{"line":328,"column":9},"end":{"line":328,"column":31}},"loc":{"start":{"line":328,"column":52},"end":{"line":345,"column":1}},"line":328},"39":{"name":"(anonymous_39)","decl":{"start":{"line":337,"column":42},"end":{"line":337,"column":43}},"loc":{"start":{"line":337,"column":60},"end":{"line":339,"column":3}},"line":337},"40":{"name":"toComment","decl":{"start":{"line":348,"column":9},"end":{"line":348,"column":18}},"loc":{"start":{"line":348,"column":30},"end":{"line":354,"column":1}},"line":348},"41":{"name":"(anonymous_41)","decl":{"start":{"line":359,"column":7},"end":{"line":359,"column":8}},"loc":{"start":{"line":359,"column":54},"end":{"line":716,"column":7}},"line":359},"42":{"name":"(anonymous_42)","decl":{"start":{"line":368,"column":14},"end":{"line":368,"column":15}},"loc":{"start":{"line":368,"column":28},"end":{"line":375,"column":1}},"line":368},"43":{"name":"(anonymous_43)","decl":{"start":{"line":371,"column":8},"end":{"line":371,"column":9}},"loc":{"start":{"line":371,"column":20},"end":{"line":374,"column":2}},"line":371},"44":{"name":"(anonymous_44)","decl":{"start":{"line":377,"column":22},"end":{"line":377,"column":23}},"loc":{"start":{"line":377,"column":34},"end":{"line":384,"column":1}},"line":377},"45":{"name":"(anonymous_45)","decl":{"start":{"line":386,"column":18},"end":{"line":386,"column":19}},"loc":{"start":{"line":386,"column":32},"end":{"line":396,"column":1}},"line":386},"46":{"name":"(anonymous_46)","decl":{"start":{"line":389,"column":8},"end":{"line":389,"column":9}},"loc":{"start":{"line":389,"column":27},"end":{"line":395,"column":2}},"line":389},"47":{"name":"(anonymous_47)","decl":{"start":{"line":396,"column":3},"end":{"line":396,"column":4}},"loc":{"start":{"line":396,"column":21},"end":{"line":398,"column":1}},"line":396},"48":{"name":"(anonymous_48)","decl":{"start":{"line":406,"column":17},"end":{"line":406,"column":18}},"loc":{"start":{"line":406,"column":41},"end":{"line":455,"column":1}},"line":406},"49":{"name":"update","decl":{"start":{"line":429,"column":17},"end":{"line":429,"column":23}},"loc":{"start":{"line":429,"column":34},"end":{"line":454,"column":2}},"line":429},"50":{"name":"addStylesToDom","decl":{"start":{"line":457,"column":9},"end":{"line":457,"column":23}},"loc":{"start":{"line":457,"column":42},"end":{"line":482,"column":1}},"line":457},"51":{"name":"listToStyles","decl":{"start":{"line":484,"column":9},"end":{"line":484,"column":21}},"loc":{"start":{"line":484,"column":38},"end":{"line":501,"column":1}},"line":484},"52":{"name":"insertStyleElement","decl":{"start":{"line":503,"column":9},"end":{"line":503,"column":27}},"loc":{"start":{"line":503,"column":45},"end":{"line":526,"column":1}},"line":503},"53":{"name":"removeStyleElement","decl":{"start":{"line":528,"column":9},"end":{"line":528,"column":27}},"loc":{"start":{"line":528,"column":36},"end":{"line":536,"column":1}},"line":528},"54":{"name":"createStyleElement","decl":{"start":{"line":538,"column":9},"end":{"line":538,"column":27}},"loc":{"start":{"line":538,"column":38},"end":{"line":547,"column":1}},"line":538},"55":{"name":"createLinkElement","decl":{"start":{"line":549,"column":9},"end":{"line":549,"column":26}},"loc":{"start":{"line":549,"column":37},"end":{"line":559,"column":1}},"line":549},"56":{"name":"addAttrs","decl":{"start":{"line":561,"column":9},"end":{"line":561,"column":17}},"loc":{"start":{"line":561,"column":30},"end":{"line":565,"column":1}},"line":561},"57":{"name":"(anonymous_57)","decl":{"start":{"line":562,"column":28},"end":{"line":562,"column":29}},"loc":{"start":{"line":562,"column":43},"end":{"line":564,"column":2}},"line":562},"58":{"name":"addStyle","decl":{"start":{"line":567,"column":9},"end":{"line":567,"column":17}},"loc":{"start":{"line":567,"column":33},"end":{"line":635,"column":1}},"line":567},"59":{"name":"(anonymous_59)","decl":{"start":{"line":581,"column":13},"end":{"line":581,"column":14}},"loc":{"start":{"line":581,"column":24},"end":{"line":583,"column":7}},"line":581},"60":{"name":"(anonymous_60)","decl":{"start":{"line":605,"column":11},"end":{"line":605,"column":12}},"loc":{"start":{"line":605,"column":23},"end":{"line":609,"column":3}},"line":605},"61":{"name":"(anonymous_61)","decl":{"start":{"line":613,"column":11},"end":{"line":613,"column":12}},"loc":{"start":{"line":613,"column":23},"end":{"line":615,"column":3}},"line":613},"62":{"name":"updateStyle","decl":{"start":{"line":620,"column":17},"end":{"line":620,"column":28}},"loc":{"start":{"line":620,"column":38},"end":{"line":634,"column":2}},"line":620},"63":{"name":"(anonymous_63)","decl":{"start":{"line":637,"column":19},"end":{"line":637,"column":20}},"loc":{"start":{"line":637,"column":31},"end":{"line":645,"column":1}},"line":637},"64":{"name":"(anonymous_64)","decl":{"start":{"line":640,"column":8},"end":{"line":640,"column":9}},"loc":{"start":{"line":640,"column":38},"end":{"line":644,"column":2}},"line":640},"65":{"name":"applyToSingletonTag","decl":{"start":{"line":647,"column":9},"end":{"line":647,"column":28}},"loc":{"start":{"line":647,"column":57},"end":{"line":664,"column":1}},"line":647},"66":{"name":"applyToTag","decl":{"start":{"line":666,"column":9},"end":{"line":666,"column":19}},"loc":{"start":{"line":666,"column":33},"end":{"line":683,"column":1}},"line":666},"67":{"name":"updateLink","decl":{"start":{"line":685,"column":9},"end":{"line":685,"column":19}},"loc":{"start":{"line":685,"column":41},"end":{"line":713,"column":1}},"line":685},"68":{"name":"(anonymous_68)","decl":{"start":{"line":718,"column":7},"end":{"line":718,"column":8}},"loc":{"start":{"line":718,"column":33},"end":{"line":811,"column":7}},"line":718},"69":{"name":"(anonymous_69)","decl":{"start":{"line":734,"column":17},"end":{"line":734,"column":18}},"loc":{"start":{"line":734,"column":32},"end":{"line":808,"column":1}},"line":734},"70":{"name":"(anonymous_70)","decl":{"start":{"line":776,"column":83},"end":{"line":776,"column":84}},"loc":{"start":{"line":776,"column":112},"end":{"line":804,"column":2}},"line":776},"71":{"name":"(anonymous_71)","decl":{"start":{"line":780,"column":24},"end":{"line":780,"column":25}},"loc":{"start":{"line":780,"column":39},"end":{"line":780,"column":53}},"line":780},"72":{"name":"(anonymous_72)","decl":{"start":{"line":781,"column":24},"end":{"line":781,"column":25}},"loc":{"start":{"line":781,"column":39},"end":{"line":781,"column":53}},"line":781}},"branchMap":{"0":{"loc":{"start":{"line":9,"column":11},"end":{"line":11,"column":12}},"type":"if","locations":[{"start":{"line":9,"column":11},"end":{"line":11,"column":12}},{"start":{"line":9,"column":11},"end":{"line":11,"column":12}}],"line":9},"1":{"loc":{"start":{"line":38,"column":11},"end":{"line":44,"column":12}},"type":"if","locations":[{"start":{"line":38,"column":11},"end":{"line":44,"column":12}},{"start":{"line":38,"column":11},"end":{"line":44,"column":12}}],"line":38},"2":{"loc":{"start":{"line":49,"column":24},"end":{"line":51,"column":58}},"type":"cond-expr","locations":[{"start":{"line":50,"column":12},"end":{"line":50,"column":63}},{"start":{"line":51,"column":12},"end":{"line":51,"column":58}}],"line":49},"3":{"loc":{"start":{"line":49,"column":24},"end":{"line":49,"column":51}},"type":"binary-expr","locations":[{"start":{"line":49,"column":24},"end":{"line":49,"column":30}},{"start":{"line":49,"column":34},"end":{"line":49,"column":51}}],"line":49},"4":{"loc":{"start":{"line":72,"column":16},"end":{"line":81,"column":4}},"type":"binary-expr","locations":[{"start":{"line":72,"column":17},"end":{"line":72,"column":21}},{"start":{"line":72,"column":25},"end":{"line":72,"column":39}},{"start":{"line":72,"column":44},"end":{"line":81,"column":4}}],"line":72},"5":{"loc":{"start":{"line":73,"column":24},"end":{"line":75,"column":82}},"type":"binary-expr","locations":[{"start":{"line":73,"column":24},"end":{"line":73,"column":45}},{"start":{"line":74,"column":9},"end":{"line":74,"column":43}},{"start":{"line":74,"column":47},"end":{"line":74,"column":83}},{"start":{"line":75,"column":8},"end":{"line":75,"column":82}}],"line":73},"6":{"loc":{"start":{"line":75,"column":43},"end":{"line":75,"column":80}},"type":"if","locations":[{"start":{"line":75,"column":43},"end":{"line":75,"column":80}},{"start":{"line":75,"column":43},"end":{"line":75,"column":80}}],"line":75},"7":{"loc":{"start":{"line":79,"column":22},"end":{"line":79,"column":92}},"type":"cond-expr","locations":[{"start":{"line":79,"column":35},"end":{"line":79,"column":51}},{"start":{"line":79,"column":55},"end":{"line":79,"column":91}}],"line":79},"8":{"loc":{"start":{"line":93,"column":20},"end":{"line":93,"column":52}},"type":"binary-expr","locations":[{"start":{"line":93,"column":20},"end":{"line":93,"column":44}},{"start":{"line":93,"column":48},"end":{"line":93,"column":52}}],"line":93},"9":{"loc":{"start":{"line":97,"column":16},"end":{"line":107,"column":17}},"type":"if","locations":[{"start":{"line":97,"column":16},"end":{"line":107,"column":17}},{"start":{"line":97,"column":16},"end":{"line":107,"column":17}}],"line":97},"10":{"loc":{"start":{"line":112,"column":12},"end":{"line":115,"column":13}},"type":"if","locations":[{"start":{"line":112,"column":12},"end":{"line":115,"column":13}},{"start":{"line":112,"column":12},"end":{"line":115,"column":13}}],"line":112},"11":{"loc":{"start":{"line":118,"column":16},"end":{"line":122,"column":17}},"type":"if","locations":[{"start":{"line":118,"column":16},"end":{"line":122,"column":17}},{"start":{"line":118,"column":16},"end":{"line":122,"column":17}}],"line":118},"12":{"loc":{"start":{"line":135,"column":8},"end":{"line":137,"column":9}},"type":"if","locations":[{"start":{"line":135,"column":8},"end":{"line":137,"column":9}},{"start":{"line":135,"column":8},"end":{"line":137,"column":9}}],"line":135},"13":{"loc":{"start":{"line":140,"column":8},"end":{"line":140,"column":61}},"type":"if","locations":[{"start":{"line":140,"column":8},"end":{"line":140,"column":61}},{"start":{"line":140,"column":8},"end":{"line":140,"column":61}}],"line":140},"14":{"loc":{"start":{"line":196,"column":3},"end":{"line":196,"column":22}},"type":"if","locations":[{"start":{"line":196,"column":3},"end":{"line":196,"column":22}},{"start":{"line":196,"column":3},"end":{"line":196,"column":22}}],"line":196},"15":{"loc":{"start":{"line":200,"column":3},"end":{"line":210,"column":4}},"type":"if","locations":[{"start":{"line":200,"column":3},"end":{"line":210,"column":4}},{"start":{"line":200,"column":3},"end":{"line":210,"column":4}}],"line":200},"16":{"loc":{"start":{"line":200,"column":7},"end":{"line":200,"column":51}},"type":"binary-expr","locations":[{"start":{"line":200,"column":7},"end":{"line":200,"column":27}},{"start":{"line":200,"column":31},"end":{"line":200,"column":51}}],"line":200},"17":{"loc":{"start":{"line":202,"column":10},"end":{"line":210,"column":4}},"type":"if","locations":[{"start":{"line":202,"column":10},"end":{"line":210,"column":4}},{"start":{"line":202,"column":10},"end":{"line":210,"column":4}}],"line":202},"18":{"loc":{"start":{"line":204,"column":10},"end":{"line":210,"column":4}},"type":"if","locations":[{"start":{"line":204,"column":10},"end":{"line":210,"column":4}},{"start":{"line":204,"column":10},"end":{"line":210,"column":4}}],"line":204},"19":{"loc":{"start":{"line":206,"column":5},"end":{"line":208,"column":6}},"type":"if","locations":[{"start":{"line":206,"column":5},"end":{"line":208,"column":6}},{"start":{"line":206,"column":5},"end":{"line":208,"column":6}}],"line":206},"20":{"loc":{"start":{"line":206,"column":9},"end":{"line":206,"column":42}},"type":"binary-expr","locations":[{"start":{"line":206,"column":9},"end":{"line":206,"column":30}},{"start":{"line":206,"column":34},"end":{"line":206,"column":42}}],"line":206},"21":{"loc":{"start":{"line":216,"column":1},"end":{"line":226,"column":2}},"type":"if","locations":[{"start":{"line":216,"column":1},"end":{"line":226,"column":2}},{"start":{"line":216,"column":1},"end":{"line":226,"column":2}}],"line":216},"22":{"loc":{"start":{"line":216,"column":5},"end":{"line":216,"column":52}},"type":"binary-expr","locations":[{"start":{"line":216,"column":5},"end":{"line":216,"column":34}},{"start":{"line":216,"column":38},"end":{"line":216,"column":52}}],"line":216},"23":{"loc":{"start":{"line":218,"column":8},"end":{"line":226,"column":2}},"type":"if","locations":[{"start":{"line":218,"column":8},"end":{"line":226,"column":2}},{"start":{"line":218,"column":8},"end":{"line":226,"column":2}}],"line":218},"24":{"loc":{"start":{"line":223,"column":4},"end":{"line":223,"column":99}},"type":"binary-expr","locations":[{"start":{"line":223,"column":4},"end":{"line":223,"column":47}},{"start":{"line":223,"column":52},"end":{"line":223,"column":98}}],"line":223},"25":{"loc":{"start":{"line":238,"column":0},"end":{"line":238,"column":68}},"type":"if","locations":[{"start":{"line":238,"column":0},"end":{"line":238,"column":68}},{"start":{"line":238,"column":0},"end":{"line":238,"column":68}}],"line":238},"26":{"loc":{"start":{"line":246,"column":0},"end":{"line":246,"column":51}},"type":"if","locations":[{"start":{"line":246,"column":0},"end":{"line":246,"column":51}},{"start":{"line":246,"column":0},"end":{"line":246,"column":51}}],"line":246},"27":{"loc":{"start":{"line":248,"column":0},"end":{"line":259,"column":1}},"type":"if","locations":[{"start":{"line":248,"column":0},"end":{"line":259,"column":1}},{"start":{"line":248,"column":0},"end":{"line":259,"column":1}}],"line":248},"28":{"loc":{"start":{"line":250,"column":1},"end":{"line":256,"column":2}},"type":"if","locations":[{"start":{"line":250,"column":1},"end":{"line":256,"column":2}},{"start":{"line":250,"column":1},"end":{"line":256,"column":2}}],"line":250},"29":{"loc":{"start":{"line":253,"column":3},"end":{"line":253,"column":81}},"type":"if","locations":[{"start":{"line":253,"column":3},"end":{"line":253,"column":81}},{"start":{"line":253,"column":3},"end":{"line":253,"column":81}}],"line":253},"30":{"loc":{"start":{"line":291,"column":3},"end":{"line":295,"column":4}},"type":"if","locations":[{"start":{"line":291,"column":3},"end":{"line":295,"column":4}},{"start":{"line":291,"column":3},"end":{"line":295,"column":4}}],"line":291},"31":{"loc":{"start":{"line":301,"column":2},"end":{"line":302,"column":35}},"type":"if","locations":[{"start":{"line":301,"column":2},"end":{"line":302,"column":35}},{"start":{"line":301,"column":2},"end":{"line":302,"column":35}}],"line":301},"32":{"loc":{"start":{"line":306,"column":3},"end":{"line":307,"column":38}},"type":"if","locations":[{"start":{"line":306,"column":3},"end":{"line":307,"column":38}},{"start":{"line":306,"column":3},"end":{"line":307,"column":38}}],"line":306},"33":{"loc":{"start":{"line":315,"column":3},"end":{"line":322,"column":4}},"type":"if","locations":[{"start":{"line":315,"column":3},"end":{"line":322,"column":4}},{"start":{"line":315,"column":3},"end":{"line":322,"column":4}}],"line":315},"34":{"loc":{"start":{"line":315,"column":6},"end":{"line":315,"column":69}},"type":"binary-expr","locations":[{"start":{"line":315,"column":6},"end":{"line":315,"column":33}},{"start":{"line":315,"column":37},"end":{"line":315,"column":69}}],"line":315},"35":{"loc":{"start":{"line":316,"column":4},"end":{"line":320,"column":5}},"type":"if","locations":[{"start":{"line":316,"column":4},"end":{"line":320,"column":5}},{"start":{"line":316,"column":4},"end":{"line":320,"column":5}}],"line":316},"36":{"loc":{"start":{"line":316,"column":7},"end":{"line":316,"column":29}},"type":"binary-expr","locations":[{"start":{"line":316,"column":7},"end":{"line":316,"column":17}},{"start":{"line":316,"column":21},"end":{"line":316,"column":29}}],"line":316},"37":{"loc":{"start":{"line":318,"column":11},"end":{"line":320,"column":5}},"type":"if","locations":[{"start":{"line":318,"column":11},"end":{"line":320,"column":5}},{"start":{"line":318,"column":11},"end":{"line":320,"column":5}}],"line":318},"38":{"loc":{"start":{"line":329,"column":15},"end":{"line":329,"column":28}},"type":"binary-expr","locations":[{"start":{"line":329,"column":15},"end":{"line":329,"column":22}},{"start":{"line":329,"column":26},"end":{"line":329,"column":28}}],"line":329},"39":{"loc":{"start":{"line":331,"column":1},"end":{"line":333,"column":2}},"type":"if","locations":[{"start":{"line":331,"column":1},"end":{"line":333,"column":2}},{"start":{"line":331,"column":1},"end":{"line":333,"column":2}}],"line":331},"40":{"loc":{"start":{"line":335,"column":1},"end":{"line":342,"column":2}},"type":"if","locations":[{"start":{"line":335,"column":1},"end":{"line":342,"column":2}},{"start":{"line":335,"column":1},"end":{"line":342,"column":2}}],"line":335},"41":{"loc":{"start":{"line":335,"column":5},"end":{"line":335,"column":47}},"type":"binary-expr","locations":[{"start":{"line":335,"column":5},"end":{"line":335,"column":17}},{"start":{"line":335,"column":21},"end":{"line":335,"column":47}}],"line":335},"42":{"loc":{"start":{"line":372,"column":2},"end":{"line":372,"column":68}},"type":"if","locations":[{"start":{"line":372,"column":2},"end":{"line":372,"column":68}},{"start":{"line":372,"column":2},"end":{"line":372,"column":68}}],"line":372},"43":{"loc":{"start":{"line":383,"column":8},"end":{"line":383,"column":58}},"type":"binary-expr","locations":[{"start":{"line":383,"column":8},"end":{"line":383,"column":14}},{"start":{"line":383,"column":18},"end":{"line":383,"column":26}},{"start":{"line":383,"column":30},"end":{"line":383,"column":42}},{"start":{"line":383,"column":46},"end":{"line":383,"column":58}}],"line":383},"44":{"loc":{"start":{"line":390,"column":2},"end":{"line":392,"column":3}},"type":"if","locations":[{"start":{"line":390,"column":2},"end":{"line":392,"column":3}},{"start":{"line":390,"column":2},"end":{"line":392,"column":3}}],"line":390},"45":{"loc":{"start":{"line":407,"column":1},"end":{"line":409,"column":2}},"type":"if","locations":[{"start":{"line":407,"column":1},"end":{"line":409,"column":2}},{"start":{"line":407,"column":1},"end":{"line":409,"column":2}}],"line":407},"46":{"loc":{"start":{"line":407,"column":5},"end":{"line":407,"column":42}},"type":"binary-expr","locations":[{"start":{"line":407,"column":5},"end":{"line":407,"column":33}},{"start":{"line":407,"column":37},"end":{"line":407,"column":42}}],"line":407},"47":{"loc":{"start":{"line":408,"column":2},"end":{"line":408,"column":116}},"type":"if","locations":[{"start":{"line":408,"column":2},"end":{"line":408,"column":116}},{"start":{"line":408,"column":2},"end":{"line":408,"column":116}}],"line":408},"48":{"loc":{"start":{"line":411,"column":11},"end":{"line":411,"column":24}},"type":"binary-expr","locations":[{"start":{"line":411,"column":11},"end":{"line":411,"column":18}},{"start":{"line":411,"column":22},"end":{"line":411,"column":24}}],"line":411},"49":{"loc":{"start":{"line":413,"column":17},"end":{"line":413,"column":71}},"type":"cond-expr","locations":[{"start":{"line":413,"column":53},"end":{"line":413,"column":66}},{"start":{"line":413,"column":69},"end":{"line":413,"column":71}}],"line":413},"50":{"loc":{"start":{"line":417,"column":1},"end":{"line":417,"column":55}},"type":"if","locations":[{"start":{"line":417,"column":1},"end":{"line":417,"column":55}},{"start":{"line":417,"column":1},"end":{"line":417,"column":55}}],"line":417},"51":{"loc":{"start":{"line":420,"column":1},"end":{"line":420,"column":54}},"type":"if","locations":[{"start":{"line":420,"column":1},"end":{"line":420,"column":54}},{"start":{"line":420,"column":1},"end":{"line":420,"column":54}}],"line":420},"52":{"loc":{"start":{"line":423,"column":1},"end":{"line":423,"column":52}},"type":"if","locations":[{"start":{"line":423,"column":1},"end":{"line":423,"column":52}},{"start":{"line":423,"column":1},"end":{"line":423,"column":52}}],"line":423},"53":{"loc":{"start":{"line":440,"column":2},"end":{"line":443,"column":3}},"type":"if","locations":[{"start":{"line":440,"column":2},"end":{"line":443,"column":3}},{"start":{"line":440,"column":2},"end":{"line":443,"column":3}}],"line":440},"54":{"loc":{"start":{"line":448,"column":3},"end":{"line":452,"column":4}},"type":"if","locations":[{"start":{"line":448,"column":3},"end":{"line":452,"column":4}},{"start":{"line":448,"column":3},"end":{"line":452,"column":4}}],"line":448},"55":{"loc":{"start":{"line":462,"column":2},"end":{"line":480,"column":3}},"type":"if","locations":[{"start":{"line":462,"column":2},"end":{"line":480,"column":3}},{"start":{"line":462,"column":2},"end":{"line":480,"column":3}}],"line":462},"56":{"loc":{"start":{"line":490,"column":11},"end":{"line":490,"column":58}},"type":"cond-expr","locations":[{"start":{"line":490,"column":26},"end":{"line":490,"column":48}},{"start":{"line":490,"column":51},"end":{"line":490,"column":58}}],"line":490},"57":{"loc":{"start":{"line":496,"column":2},"end":{"line":497,"column":38}},"type":"if","locations":[{"start":{"line":496,"column":2},"end":{"line":497,"column":38}},{"start":{"line":496,"column":2},"end":{"line":497,"column":38}}],"line":496},"58":{"loc":{"start":{"line":506,"column":1},"end":{"line":508,"column":2}},"type":"if","locations":[{"start":{"line":506,"column":1},"end":{"line":508,"column":2}},{"start":{"line":506,"column":1},"end":{"line":508,"column":2}}],"line":506},"59":{"loc":{"start":{"line":512,"column":1},"end":{"line":525,"column":2}},"type":"if","locations":[{"start":{"line":512,"column":1},"end":{"line":525,"column":2}},{"start":{"line":512,"column":1},"end":{"line":525,"column":2}}],"line":512},"60":{"loc":{"start":{"line":513,"column":2},"end":{"line":519,"column":3}},"type":"if","locations":[{"start":{"line":513,"column":2},"end":{"line":519,"column":3}},{"start":{"line":513,"column":2},"end":{"line":519,"column":3}}],"line":513},"61":{"loc":{"start":{"line":515,"column":9},"end":{"line":519,"column":3}},"type":"if","locations":[{"start":{"line":515,"column":9},"end":{"line":519,"column":3}},{"start":{"line":515,"column":9},"end":{"line":519,"column":3}}],"line":515},"62":{"loc":{"start":{"line":521,"column":8},"end":{"line":525,"column":2}},"type":"if","locations":[{"start":{"line":521,"column":8},"end":{"line":525,"column":2}},{"start":{"line":521,"column":8},"end":{"line":525,"column":2}}],"line":521},"63":{"loc":{"start":{"line":529,"column":1},"end":{"line":529,"column":45}},"type":"if","locations":[{"start":{"line":529,"column":1},"end":{"line":529,"column":45}},{"start":{"line":529,"column":1},"end":{"line":529,"column":45}}],"line":529},"64":{"loc":{"start":{"line":533,"column":1},"end":{"line":535,"column":2}},"type":"if","locations":[{"start":{"line":533,"column":1},"end":{"line":535,"column":2}},{"start":{"line":533,"column":1},"end":{"line":535,"column":2}}],"line":533},"65":{"loc":{"start":{"line":571,"column":1},"end":{"line":585,"column":2}},"type":"if","locations":[{"start":{"line":571,"column":1},"end":{"line":585,"column":2}},{"start":{"line":571,"column":1},"end":{"line":585,"column":2}}],"line":571},"66":{"loc":{"start":{"line":571,"column":5},"end":{"line":571,"column":33}},"type":"binary-expr","locations":[{"start":{"line":571,"column":5},"end":{"line":571,"column":22}},{"start":{"line":571,"column":26},"end":{"line":571,"column":33}}],"line":571},"67":{"loc":{"start":{"line":574,"column":5},"end":{"line":584,"column":6}},"type":"if","locations":[{"start":{"line":574,"column":5},"end":{"line":584,"column":6}},{"start":{"line":574,"column":5},"end":{"line":584,"column":6}}],"line":574},"68":{"loc":{"start":{"line":587,"column":1},"end":{"line":616,"column":2}},"type":"if","locations":[{"start":{"line":587,"column":1},"end":{"line":616,"column":2}},{"start":{"line":587,"column":1},"end":{"line":616,"column":2}}],"line":587},"69":{"loc":{"start":{"line":590,"column":10},"end":{"line":590,"column":64}},"type":"binary-expr","locations":[{"start":{"line":590,"column":10},"end":{"line":590,"column":19}},{"start":{"line":590,"column":24},"end":{"line":590,"column":63}}],"line":590},"70":{"loc":{"start":{"line":595,"column":8},"end":{"line":616,"column":2}},"type":"if","locations":[{"start":{"line":595,"column":8},"end":{"line":616,"column":2}},{"start":{"line":595,"column":8},"end":{"line":616,"column":2}}],"line":595},"71":{"loc":{"start":{"line":596,"column":2},"end":{"line":601,"column":28}},"type":"binary-expr","locations":[{"start":{"line":596,"column":2},"end":{"line":596,"column":15}},{"start":{"line":597,"column":2},"end":{"line":597,"column":27}},{"start":{"line":598,"column":2},"end":{"line":598,"column":43}},{"start":{"line":599,"column":2},"end":{"line":599,"column":43}},{"start":{"line":600,"column":2},"end":{"line":600,"column":28}},{"start":{"line":601,"column":2},"end":{"line":601,"column":28}}],"line":596},"72":{"loc":{"start":{"line":608,"column":3},"end":{"line":608,"column":50}},"type":"if","locations":[{"start":{"line":608,"column":3},"end":{"line":608,"column":50}},{"start":{"line":608,"column":3},"end":{"line":608,"column":50}}],"line":608},"73":{"loc":{"start":{"line":621,"column":2},"end":{"line":633,"column":3}},"type":"if","locations":[{"start":{"line":621,"column":2},"end":{"line":633,"column":3}},{"start":{"line":621,"column":2},"end":{"line":633,"column":3}}],"line":621},"74":{"loc":{"start":{"line":622,"column":3},"end":{"line":628,"column":4}},"type":"if","locations":[{"start":{"line":622,"column":3},"end":{"line":628,"column":4}},{"start":{"line":622,"column":3},"end":{"line":628,"column":4}}],"line":622},"75":{"loc":{"start":{"line":623,"column":4},"end":{"line":625,"column":38}},"type":"binary-expr","locations":[{"start":{"line":623,"column":4},"end":{"line":623,"column":26}},{"start":{"line":624,"column":4},"end":{"line":624,"column":30}},{"start":{"line":625,"column":4},"end":{"line":625,"column":38}}],"line":623},"76":{"loc":{"start":{"line":648,"column":11},"end":{"line":648,"column":32}},"type":"cond-expr","locations":[{"start":{"line":648,"column":20},"end":{"line":648,"column":22}},{"start":{"line":648,"column":25},"end":{"line":648,"column":32}}],"line":648},"77":{"loc":{"start":{"line":650,"column":1},"end":{"line":663,"column":2}},"type":"if","locations":[{"start":{"line":650,"column":1},"end":{"line":663,"column":2}},{"start":{"line":650,"column":1},"end":{"line":663,"column":2}}],"line":650},"78":{"loc":{"start":{"line":656,"column":2},"end":{"line":656,"column":62}},"type":"if","locations":[{"start":{"line":656,"column":2},"end":{"line":656,"column":62}},{"start":{"line":656,"column":2},"end":{"line":656,"column":62}}],"line":656},"79":{"loc":{"start":{"line":658,"column":2},"end":{"line":662,"column":3}},"type":"if","locations":[{"start":{"line":658,"column":2},"end":{"line":662,"column":3}},{"start":{"line":658,"column":2},"end":{"line":662,"column":3}}],"line":658},"80":{"loc":{"start":{"line":670,"column":1},"end":{"line":672,"column":2}},"type":"if","locations":[{"start":{"line":670,"column":1},"end":{"line":672,"column":2}},{"start":{"line":670,"column":1},"end":{"line":672,"column":2}}],"line":670},"81":{"loc":{"start":{"line":674,"column":1},"end":{"line":682,"column":2}},"type":"if","locations":[{"start":{"line":674,"column":1},"end":{"line":682,"column":2}},{"start":{"line":674,"column":1},"end":{"line":682,"column":2}}],"line":674},"82":{"loc":{"start":{"line":695,"column":19},"end":{"line":695,"column":75}},"type":"binary-expr","locations":[{"start":{"line":695,"column":19},"end":{"line":695,"column":62}},{"start":{"line":695,"column":66},"end":{"line":695,"column":75}}],"line":695},"83":{"loc":{"start":{"line":697,"column":1},"end":{"line":699,"column":2}},"type":"if","locations":[{"start":{"line":697,"column":1},"end":{"line":699,"column":2}},{"start":{"line":697,"column":1},"end":{"line":699,"column":2}}],"line":697},"84":{"loc":{"start":{"line":697,"column":5},"end":{"line":697,"column":49}},"type":"binary-expr","locations":[{"start":{"line":697,"column":5},"end":{"line":697,"column":34}},{"start":{"line":697,"column":38},"end":{"line":697,"column":49}}],"line":697},"85":{"loc":{"start":{"line":701,"column":1},"end":{"line":704,"column":2}},"type":"if","locations":[{"start":{"line":701,"column":1},"end":{"line":704,"column":2}},{"start":{"line":701,"column":1},"end":{"line":704,"column":2}}],"line":701},"86":{"loc":{"start":{"line":712,"column":1},"end":{"line":712,"column":40}},"type":"if","locations":[{"start":{"line":712,"column":1},"end":{"line":712,"column":40}},{"start":{"line":712,"column":1},"end":{"line":712,"column":40}}],"line":712},"87":{"loc":{"start":{"line":736,"column":17},"end":{"line":736,"column":65}},"type":"binary-expr","locations":[{"start":{"line":736,"column":17},"end":{"line":736,"column":46}},{"start":{"line":736,"column":50},"end":{"line":736,"column":65}}],"line":736},"88":{"loc":{"start":{"line":738,"column":2},"end":{"line":740,"column":3}},"type":"if","locations":[{"start":{"line":738,"column":2},"end":{"line":740,"column":3}},{"start":{"line":738,"column":2},"end":{"line":740,"column":3}}],"line":738},"89":{"loc":{"start":{"line":743,"column":1},"end":{"line":745,"column":3}},"type":"if","locations":[{"start":{"line":743,"column":1},"end":{"line":745,"column":3}},{"start":{"line":743,"column":1},"end":{"line":745,"column":3}}],"line":743},"90":{"loc":{"start":{"line":743,"column":5},"end":{"line":743,"column":36}},"type":"binary-expr","locations":[{"start":{"line":743,"column":5},"end":{"line":743,"column":9}},{"start":{"line":743,"column":13},"end":{"line":743,"column":36}}],"line":743},"91":{"loc":{"start":{"line":784,"column":2},"end":{"line":786,"column":3}},"type":"if","locations":[{"start":{"line":784,"column":2},"end":{"line":786,"column":3}},{"start":{"line":784,"column":2},"end":{"line":786,"column":3}}],"line":784},"92":{"loc":{"start":{"line":791,"column":2},"end":{"line":800,"column":3}},"type":"if","locations":[{"start":{"line":791,"column":2},"end":{"line":800,"column":3}},{"start":{"line":791,"column":2},"end":{"line":800,"column":3}}],"line":791},"93":{"loc":{"start":{"line":794,"column":9},"end":{"line":800,"column":3}},"type":"if","locations":[{"start":{"line":794,"column":9},"end":{"line":800,"column":3}},{"start":{"line":794,"column":9},"end":{"line":800,"column":3}}],"line":794}},"s":{"0":1,"1":1,"2":1,"3":1,"4":8,"5":0,"6":8,"7":8,"8":8,"9":8,"10":1,"11":1,"12":1,"13":0,"14":0,"15":1,"16":0,"17":0,"18":0,"19":0,"20":0,"21":1,"22":0,"23":1,"24":1,"25":1,"26":1,"27":0,"28":0,"29":0,"30":0,"31":1,"32":1,"33":1,"34":1,"35":1,"36":1,"37":1,"38":1,"39":1,"40":1,"41":1,"42":1,"43":4,"44":4,"45":1,"46":0,"47":0,"48":0,"49":0,"50":0,"51":4,"52":0,"53":0,"54":0,"55":0,"56":0,"57":0,"58":0,"59":0,"60":0,"61":4,"62":4,"63":1,"64":1,"65":1,"66":0,"67":0,"68":1,"69":4,"70":0,"71":4,"72":4,"73":16,"74":4,"75":1,"76":4,"77":4,"78":16,"79":4,"80":1,"81":4,"82":4,"83":4,"84":1,"85":1,"86":1,"87":1,"88":1,"89":1,"90":32,"91":32,"92":64,"93":64,"94":0,"95":64,"96":64,"97":32,"98":32,"99":0,"100":32,"101":32,"102":32,"103":8,"104":32,"105":1,"106":1,"107":0,"108":0,"109":0,"110":0,"111":1,"112":1,"113":0,"114":1,"115":1,"116":1,"117":1,"118":0,"119":1,"120":0,"121":0,"122":0,"123":0,"124":0,"125":0,"126":0,"127":0,"128":1,"129":1,"130":1,"131":1,"132":1,"133":0,"134":0,"135":0,"136":0,"137":0,"138":1,"139":0,"140":0,"141":0,"142":0,"143":0,"144":0,"145":0,"146":0,"147":0,"148":0,"149":0,"150":0,"151":0,"152":0,"153":0,"154":1,"155":0,"156":0,"157":0,"158":0,"159":0,"160":0,"161":0,"162":0,"163":0,"164":0,"165":0,"166":0,"167":0,"168":1,"169":1,"170":1,"171":1,"172":1,"173":1,"174":1,"175":1,"176":1,"177":1,"178":1,"179":1,"180":1,"181":1,"182":1,"183":1,"184":1,"185":1,"186":1,"187":1,"188":1,"189":0,"190":0,"191":1,"192":1,"193":1,"194":1,"195":1,"196":1,"197":1,"198":1,"199":1,"200":1,"201":1,"202":0,"203":0,"204":0,"205":0,"206":0,"207":0,"208":0,"209":0,"210":0,"211":0,"212":0,"213":0,"214":0,"215":0,"216":0,"217":1,"218":1,"219":1,"220":1,"221":0,"222":0,"223":0,"224":0,"225":0,"226":1,"227":1,"228":1,"229":1,"230":1,"231":1,"232":1,"233":1,"234":1,"235":1,"236":1,"237":1,"238":1,"239":1,"240":1,"241":0,"242":1,"243":1,"244":1,"245":0,"246":1,"247":1,"248":0,"249":0,"250":0,"251":0,"252":0,"253":0,"254":1,"255":1,"256":0,"257":0,"258":0,"259":0,"260":0,"261":0,"262":0,"263":1,"264":1,"265":1,"266":1,"267":1,"268":0,"269":0,"270":0,"271":0,"272":0,"273":0,"274":1,"275":1,"276":1,"277":0,"278":0,"279":0,"280":0,"281":1,"282":0,"283":0,"284":0,"285":0,"286":1,"287":0,"288":0,"289":0,"290":0,"291":0,"292":0,"293":1,"294":1,"295":1,"296":0,"297":1,"298":1,"299":0,"300":0,"301":0,"302":0,"303":0,"304":1,"305":1,"306":1,"307":0,"308":0,"309":0,"310":0,"311":0,"312":0,"313":0,"314":0,"315":0,"316":0,"317":0,"318":0,"319":1,"320":1,"321":1,"322":0,"323":1,"324":0,"325":1,"326":0,"327":1,"328":0,"329":0,"330":0,"331":0,"332":0,"333":0,"334":0,"335":0,"336":0,"337":0,"338":0,"339":0,"340":1,"341":0,"342":0,"343":0,"344":0,"345":0,"346":0,"347":0,"348":0,"349":0,"350":0,"351":0,"352":0,"353":0,"354":0,"355":0,"356":0,"357":0,"358":0,"359":0,"360":0},"f":{"0":1,"1":1,"2":8,"3":0,"4":0,"5":0,"6":0,"7":0,"8":1,"9":1,"10":0,"11":0,"12":1,"13":1,"14":1,"15":4,"16":1,"17":0,"18":0,"19":1,"20":0,"21":4,"22":4,"23":4,"24":1,"25":1,"26":1,"27":32,"28":0,"29":1,"30":0,"31":0,"32":1,"33":1,"34":1,"35":0,"36":0,"37":0,"38":0,"39":0,"40":0,"41":1,"42":1,"43":1,"44":1,"45":1,"46":1,"47":1,"48":1,"49":0,"50":1,"51":1,"52":1,"53":0,"54":1,"55":0,"56":1,"57":1,"58":1,"59":0,"60":0,"61":0,"62":0,"63":1,"64":0,"65":0,"66":1,"67":0,"68":1,"69":0,"70":0,"71":0,"72":0},"b":{"0":[0,8],"1":[0,0],"2":[0,0],"3":[0,0],"4":[1,1,1],"5":[1,0,0,0],"6":[0,0],"7":[0,1],"8":[4,4],"9":[0,0],"10":[0,0],"11":[0,0],"12":[0,0],"13":[0,4],"14":[0,64],"15":[32,32],"16":[64,32],"17":[0,32],"18":[32,0],"19":[8,24],"20":[32,32],"21":[1,0],"22":[1,1],"23":[0,0],"24":[0,0],"25":[0,1],"26":[0,1],"27":[0,1],"28":[0,0],"29":[0,0],"30":[0,0],"31":[0,0],"32":[0,0],"33":[0,0],"34":[0,0],"35":[0,0],"36":[0,0],"37":[0,0],"38":[0,0],"39":[0,0],"40":[0,0],"41":[0,0],"42":[1,0],"43":[1,1,1,0],"44":[1,0],"45":[0,1],"46":[1,0],"47":[0,0],"48":[1,0],"49":[0,1],"50":[1,0],"51":[1,0],"52":[1,0],"53":[0,0],"54":[0,0],"55":[0,1],"56":[0,1],"57":[1,0],"58":[0,1],"59":[0,1],"60":[0,0],"61":[0,0],"62":[1,0],"63":[0,0],"64":[0,0],"65":[0,1],"66":[1,0],"67":[0,0],"68":[0,1],"69":[0,0],"70":[0,1],"71":[1,0,0,0,0,0],"72":[0,0],"73":[0,0],"74":[0,0],"75":[0,0,0],"76":[0,0],"77":[0,0],"78":[0,0],"79":[0,0],"80":[0,1],"81":[0,1],"82":[0,0],"83":[0,0],"84":[0,0],"85":[0,0],"86":[0,0],"87":[0,0],"88":[0,0],"89":[0,0],"90":[0,0],"91":[0,0],"92":[0,0],"93":[0,0]},"_coverageSchema":"332fd63041d2c1bcb487cc26dd0d5f7d97098a6c","hash":"ab32d7dc16baccd3fbf95b67ac20240962706880"}
}
