TN:
SF:/Users/wangfanghua/projects/banner/lib/banner.js
FN:1,(anonymous_0)
FN:1,(anonymous_1)
FN:6,__webpack_require__
FN:37,(anonymous_3)
FN:48,(anonymous_4)
FN:50,getDefault
FN:51,getModuleExports
FN:57,(anonymous_7)
FN:68,(anonymous_8)
FN:72,(anonymous_9)
FN:74,(anonymous_10)
FN:75,(anonymous_11)
FN:76,(anonymous_12)
FN:78,__
FN:90,(anonymous_14)
FN:92,Banner
FN:94,(anonymous_16)
FN:95,(anonymous_17)
FN:110,(anonymous_18)
FN:131,(anonymous_19)
FN:134,(anonymous_20)
FN:139,(anonymous_21)
FN:147,(anonymous_22)
FN:154,(anonymous_23)
FN:171,(anonymous_24)
FN:177,(anonymous_25)
FN:186,(anonymous_26)
FN:191,classNames
FN:220,(anonymous_28)
FN:232,(anonymous_29)
FN:251,(anonymous_30)
FN:258,(anonymous_31)
FN:263,(anonymous_32)
FN:277,(anonymous_33)
FN:284,(anonymous_34)
FN:288,toString
FN:289,(anonymous_36)
FN:300,(anonymous_37)
FN:328,cssWithMappingToString
FN:337,(anonymous_39)
FN:348,toComment
FN:359,(anonymous_41)
FN:368,(anonymous_42)
FN:371,(anonymous_43)
FN:377,(anonymous_44)
FN:386,(anonymous_45)
FN:389,(anonymous_46)
FN:396,(anonymous_47)
FN:406,(anonymous_48)
FN:429,update
FN:457,addStylesToDom
FN:484,listToStyles
FN:503,insertStyleElement
FN:528,removeStyleElement
FN:538,createStyleElement
FN:549,createLinkElement
FN:561,addAttrs
FN:562,(anonymous_57)
FN:567,addStyle
FN:581,(anonymous_59)
FN:605,(anonymous_60)
FN:613,(anonymous_61)
FN:620,updateStyle
FN:637,(anonymous_63)
FN:640,(anonymous_64)
FN:647,applyToSingletonTag
FN:666,applyToTag
FN:685,updateLink
FN:718,(anonymous_68)
FN:734,(anonymous_69)
FN:776,(anonymous_70)
FN:780,(anonymous_71)
FN:781,(anonymous_72)
FNF:73
FNH:40
FNDA:1,(anonymous_0)
FNDA:1,(anonymous_1)
FNDA:8,__webpack_require__
FNDA:0,(anonymous_3)
FNDA:0,(anonymous_4)
FNDA:0,getDefault
FNDA:0,getModuleExports
FNDA:0,(anonymous_7)
FNDA:1,(anonymous_8)
FNDA:1,(anonymous_9)
FNDA:0,(anonymous_10)
FNDA:0,(anonymous_11)
FNDA:1,(anonymous_12)
FNDA:1,__
FNDA:1,(anonymous_14)
FNDA:4,Banner
FNDA:1,(anonymous_16)
FNDA:0,(anonymous_17)
FNDA:0,(anonymous_18)
FNDA:1,(anonymous_19)
FNDA:0,(anonymous_20)
FNDA:4,(anonymous_21)
FNDA:4,(anonymous_22)
FNDA:4,(anonymous_23)
FNDA:1,(anonymous_24)
FNDA:1,(anonymous_25)
FNDA:1,(anonymous_26)
FNDA:32,classNames
FNDA:0,(anonymous_28)
FNDA:1,(anonymous_29)
FNDA:0,(anonymous_30)
FNDA:0,(anonymous_31)
FNDA:1,(anonymous_32)
FNDA:1,(anonymous_33)
FNDA:1,(anonymous_34)
FNDA:0,toString
FNDA:0,(anonymous_36)
FNDA:0,(anonymous_37)
FNDA:0,cssWithMappingToString
FNDA:0,(anonymous_39)
FNDA:0,toComment
FNDA:1,(anonymous_41)
FNDA:1,(anonymous_42)
FNDA:1,(anonymous_43)
FNDA:1,(anonymous_44)
FNDA:1,(anonymous_45)
FNDA:1,(anonymous_46)
FNDA:1,(anonymous_47)
FNDA:1,(anonymous_48)
FNDA:0,update
FNDA:1,addStylesToDom
FNDA:1,listToStyles
FNDA:1,insertStyleElement
FNDA:0,removeStyleElement
FNDA:1,createStyleElement
FNDA:0,createLinkElement
FNDA:1,addAttrs
FNDA:1,(anonymous_57)
FNDA:1,addStyle
FNDA:0,(anonymous_59)
FNDA:0,(anonymous_60)
FNDA:0,(anonymous_61)
FNDA:0,updateStyle
FNDA:1,(anonymous_63)
FNDA:0,(anonymous_64)
FNDA:0,applyToSingletonTag
FNDA:1,applyToTag
FNDA:0,updateLink
FNDA:1,(anonymous_68)
FNDA:0,(anonymous_69)
FNDA:0,(anonymous_70)
FNDA:0,(anonymous_71)
FNDA:0,(anonymous_72)
DA:1,1
DA:3,1
DA:9,8
DA:10,0
DA:13,8
DA:20,8
DA:23,8
DA:26,8
DA:31,1
DA:34,1
DA:37,1
DA:38,0
DA:39,0
DA:48,1
DA:49,0
DA:50,0
DA:51,0
DA:52,0
DA:53,0
DA:57,1
DA:60,1
DA:63,1
DA:72,1
DA:73,1
DA:74,0
DA:75,0
DA:76,1
DA:77,1
DA:78,1
DA:79,1
DA:82,1
DA:83,1
DA:84,1
DA:85,1
DA:87,1
DA:89,1
DA:90,1
DA:91,1
DA:93,4
DA:94,4
DA:95,1
DA:96,0
DA:97,0
DA:98,0
DA:103,0
DA:104,0
DA:110,4
DA:111,0
DA:112,0
DA:113,0
DA:114,0
DA:116,0
DA:117,0
DA:118,0
DA:119,0
DA:124,0
DA:126,4
DA:129,4
DA:131,1
DA:132,1
DA:134,1
DA:135,0
DA:136,0
DA:139,1
DA:140,4
DA:141,4
DA:142,4
DA:143,16
DA:145,4
DA:147,1
DA:148,4
DA:149,4
DA:150,16
DA:152,4
DA:154,1
DA:155,4
DA:156,4
DA:157,4
DA:161,1
DA:164,1
DA:166,1
DA:173,1
DA:186,1
DA:189,1
DA:192,32
DA:194,32
DA:195,64
DA:196,64
DA:198,64
DA:200,64
DA:201,32
DA:202,32
DA:203,0
DA:204,32
DA:205,32
DA:206,32
DA:207,8
DA:213,32
DA:216,1
DA:217,1
DA:218,0
DA:220,0
DA:221,0
DA:225,0
DA:237,1
DA:238,1
DA:242,1
DA:243,1
DA:245,1
DA:246,1
DA:248,1
DA:250,0
DA:251,0
DA:252,0
DA:253,0
DA:254,0
DA:258,0
DA:265,1
DA:270,1
DA:284,1
DA:285,1
DA:288,1
DA:289,0
DA:290,0
DA:291,0
DA:292,0
DA:294,0
DA:300,1
DA:301,0
DA:302,0
DA:303,0
DA:304,0
DA:305,0
DA:306,0
DA:307,0
DA:309,0
DA:310,0
DA:315,0
DA:316,0
DA:317,0
DA:318,0
DA:319,0
DA:321,0
DA:325,1
DA:329,0
DA:330,0
DA:331,0
DA:332,0
DA:335,0
DA:336,0
DA:337,0
DA:338,0
DA:341,0
DA:344,0
DA:350,0
DA:351,0
DA:353,0
DA:366,1
DA:368,1
DA:371,1
DA:372,1
DA:373,1
DA:377,1
DA:383,1
DA:386,1
DA:387,1
DA:389,1
DA:390,1
DA:391,1
DA:394,1
DA:397,1
DA:400,1
DA:401,1
DA:402,1
DA:404,1
DA:406,1
DA:407,1
DA:408,0
DA:411,1
DA:413,1
DA:417,1
DA:420,1
DA:423,1
DA:425,1
DA:427,1
DA:429,1
DA:430,0
DA:432,0
DA:433,0
DA:434,0
DA:436,0
DA:437,0
DA:440,0
DA:441,0
DA:442,0
DA:445,0
DA:446,0
DA:448,0
DA:449,0
DA:451,0
DA:458,1
DA:459,1
DA:460,1
DA:462,1
DA:463,0
DA:465,0
DA:466,0
DA:469,0
DA:470,0
DA:473,1
DA:475,1
DA:476,1
DA:479,1
DA:485,1
DA:486,1
DA:488,1
DA:489,1
DA:490,1
DA:491,1
DA:492,1
DA:493,1
DA:494,1
DA:496,1
DA:497,0
DA:500,1
DA:504,1
DA:506,1
DA:507,0
DA:510,1
DA:512,1
DA:513,0
DA:514,0
DA:515,0
DA:516,0
DA:518,0
DA:520,0
DA:521,1
DA:522,1
DA:524,0
DA:529,0
DA:530,0
DA:532,0
DA:533,0
DA:534,0
DA:539,1
DA:541,1
DA:543,1
DA:544,1
DA:546,1
DA:550,0
DA:552,0
DA:553,0
DA:555,0
DA:556,0
DA:558,0
DA:562,1
DA:563,1
DA:571,1
DA:572,0
DA:574,0
DA:577,0
DA:581,0
DA:587,1
DA:588,0
DA:590,0
DA:592,0
DA:593,0
DA:595,1
DA:603,0
DA:604,0
DA:605,0
DA:606,0
DA:608,0
DA:611,1
DA:612,1
DA:613,1
DA:614,0
DA:618,1
DA:620,1
DA:621,0
DA:622,0
DA:627,0
DA:630,0
DA:632,0
DA:637,1
DA:638,1
DA:640,1
DA:641,0
DA:643,0
DA:648,0
DA:650,0
DA:651,0
DA:653,0
DA:654,0
DA:656,0
DA:658,0
DA:659,0
DA:661,0
DA:667,1
DA:668,1
DA:670,1
DA:671,0
DA:674,1
DA:675,0
DA:677,1
DA:678,0
DA:681,1
DA:686,0
DA:687,0
DA:695,0
DA:697,0
DA:698,0
DA:701,0
DA:703,0
DA:706,0
DA:708,0
DA:710,0
DA:712,0
DA:734,1
DA:736,0
DA:738,0
DA:739,0
DA:743,0
DA:744,0
DA:747,0
DA:748,0
DA:776,0
DA:778,0
DA:780,0
DA:781,0
DA:784,0
DA:785,0
DA:791,0
DA:793,0
DA:794,0
DA:796,0
DA:799,0
DA:803,0
DA:807,0
LF:339
LH:165
BRDA:9,0,0,0
BRDA:9,0,1,8
BRDA:38,1,0,0
BRDA:38,1,1,0
BRDA:49,2,0,0
BRDA:49,2,1,0
BRDA:49,3,0,0
BRDA:49,3,1,0
BRDA:72,4,0,1
BRDA:72,4,1,1
BRDA:72,4,2,1
BRDA:73,5,0,1
BRDA:73,5,1,0
BRDA:73,5,2,0
BRDA:73,5,3,0
BRDA:75,6,0,0
BRDA:75,6,1,0
BRDA:79,7,0,0
BRDA:79,7,1,1
BRDA:93,8,0,4
BRDA:93,8,1,4
BRDA:97,9,0,0
BRDA:97,9,1,0
BRDA:112,10,0,0
BRDA:112,10,1,0
BRDA:118,11,0,0
BRDA:118,11,1,0
BRDA:135,12,0,0
BRDA:135,12,1,0
BRDA:140,13,0,0
BRDA:140,13,1,4
BRDA:196,14,0,0
BRDA:196,14,1,64
BRDA:200,15,0,32
BRDA:200,15,1,32
BRDA:200,16,0,64
BRDA:200,16,1,32
BRDA:202,17,0,0
BRDA:202,17,1,32
BRDA:204,18,0,32
BRDA:204,18,1,0
BRDA:206,19,0,8
BRDA:206,19,1,24
BRDA:206,20,0,32
BRDA:206,20,1,32
BRDA:216,21,0,1
BRDA:216,21,1,0
BRDA:216,22,0,1
BRDA:216,22,1,1
BRDA:218,23,0,0
BRDA:218,23,1,0
BRDA:223,24,0,0
BRDA:223,24,1,0
BRDA:238,25,0,0
BRDA:238,25,1,1
BRDA:246,26,0,0
BRDA:246,26,1,1
BRDA:248,27,0,0
BRDA:248,27,1,1
BRDA:250,28,0,0
BRDA:250,28,1,0
BRDA:253,29,0,0
BRDA:253,29,1,0
BRDA:291,30,0,0
BRDA:291,30,1,0
BRDA:301,31,0,0
BRDA:301,31,1,0
BRDA:306,32,0,0
BRDA:306,32,1,0
BRDA:315,33,0,0
BRDA:315,33,1,0
BRDA:315,34,0,0
BRDA:315,34,1,0
BRDA:316,35,0,0
BRDA:316,35,1,0
BRDA:316,36,0,0
BRDA:316,36,1,0
BRDA:318,37,0,0
BRDA:318,37,1,0
BRDA:329,38,0,0
BRDA:329,38,1,0
BRDA:331,39,0,0
BRDA:331,39,1,0
BRDA:335,40,0,0
BRDA:335,40,1,0
BRDA:335,41,0,0
BRDA:335,41,1,0
BRDA:372,42,0,1
BRDA:372,42,1,0
BRDA:383,43,0,1
BRDA:383,43,1,1
BRDA:383,43,2,1
BRDA:383,43,3,0
BRDA:390,44,0,1
BRDA:390,44,1,0
BRDA:407,45,0,0
BRDA:407,45,1,1
BRDA:407,46,0,1
BRDA:407,46,1,0
BRDA:408,47,0,0
BRDA:408,47,1,0
BRDA:411,48,0,1
BRDA:411,48,1,0
BRDA:413,49,0,0
BRDA:413,49,1,1
BRDA:417,50,0,1
BRDA:417,50,1,0
BRDA:420,51,0,1
BRDA:420,51,1,0
BRDA:423,52,0,1
BRDA:423,52,1,0
BRDA:440,53,0,0
BRDA:440,53,1,0
BRDA:448,54,0,0
BRDA:448,54,1,0
BRDA:462,55,0,0
BRDA:462,55,1,1
BRDA:490,56,0,0
BRDA:490,56,1,1
BRDA:496,57,0,1
BRDA:496,57,1,0
BRDA:506,58,0,0
BRDA:506,58,1,1
BRDA:512,59,0,0
BRDA:512,59,1,1
BRDA:513,60,0,0
BRDA:513,60,1,0
BRDA:515,61,0,0
BRDA:515,61,1,0
BRDA:521,62,0,1
BRDA:521,62,1,0
BRDA:529,63,0,0
BRDA:529,63,1,0
BRDA:533,64,0,0
BRDA:533,64,1,0
BRDA:571,65,0,0
BRDA:571,65,1,1
BRDA:571,66,0,1
BRDA:571,66,1,0
BRDA:574,67,0,0
BRDA:574,67,1,0
BRDA:587,68,0,0
BRDA:587,68,1,1
BRDA:590,69,0,0
BRDA:590,69,1,0
BRDA:595,70,0,0
BRDA:595,70,1,1
BRDA:596,71,0,1
BRDA:596,71,1,0
BRDA:596,71,2,0
BRDA:596,71,3,0
BRDA:596,71,4,0
BRDA:596,71,5,0
BRDA:608,72,0,0
BRDA:608,72,1,0
BRDA:621,73,0,0
BRDA:621,73,1,0
BRDA:622,74,0,0
BRDA:622,74,1,0
BRDA:623,75,0,0
BRDA:623,75,1,0
BRDA:623,75,2,0
BRDA:648,76,0,0
BRDA:648,76,1,0
BRDA:650,77,0,0
BRDA:650,77,1,0
BRDA:656,78,0,0
BRDA:656,78,1,0
BRDA:658,79,0,0
BRDA:658,79,1,0
BRDA:670,80,0,0
BRDA:670,80,1,1
BRDA:674,81,0,0
BRDA:674,81,1,1
BRDA:695,82,0,0
BRDA:695,82,1,0
BRDA:697,83,0,0
BRDA:697,83,1,0
BRDA:697,84,0,0
BRDA:697,84,1,0
BRDA:701,85,0,0
BRDA:701,85,1,0
BRDA:712,86,0,0
BRDA:712,86,1,0
BRDA:736,87,0,0
BRDA:736,87,1,0
BRDA:738,88,0,0
BRDA:738,88,1,0
BRDA:743,89,0,0
BRDA:743,89,1,0
BRDA:743,90,0,0
BRDA:743,90,1,0
BRDA:784,91,0,0
BRDA:784,91,1,0
BRDA:791,92,0,0
BRDA:791,92,1,0
BRDA:794,93,0,0
BRDA:794,93,1,0
BRF:198
BRH:51
end_of_record
